  Curve.cpp
  Renderer.cpp
C:\Users\qxw180007\Documents\Assignment3\Assignment3\Shader.h(51,10): warning C4101: 'info_log': unreferenced local variable
C:\Users\qxw180007\Documents\Assignment3\Assignment3\Object.h(79,1): warning C4267: 'initializing': conversion from 'size_t' to 'int', possible loss of data
C:\Users\qxw180007\Documents\Assignment3\Assignment3\Object.h(173,1): warning C4305: 'argument': truncation from 'int' to 'T'
          with
          [
              T=float
          ]
C:\Users\qxw180007\Documents\Assignment3\Assignment3\Aircraft_Animation.h(18,11): warning C4305: 'initializing': truncation from 'double' to 'float'
C:\Users\qxw180007\Documents\Assignment3\Assignment3\Aircraft_Animation.h(19,11): warning C4305: 'initializing': truncation from 'double' to 'float'
C:\Users\qxw180007\Documents\Assignment3\Assignment3\Renderer.cpp(320,24): warning C4244: 'initializing': conversion from 'double' to 'GLfloat', possible loss of data
C:\Users\qxw180007\Documents\Assignment3\Assignment3\Renderer.cpp(368,60): warning C4267: 'argument': conversion from 'size_t' to 'GLsizei', possible loss of data
C:\Users\qxw180007\Documents\Assignment3\Assignment3\Renderer.cpp(378,60): warning C4267: 'argument': conversion from 'size_t' to 'GLsizei', possible loss of data
C:\Users\qxw180007\Documents\Assignment3\Assignment3\Renderer.cpp(383,60): warning C4267: 'argument': conversion from 'size_t' to 'GLsizei', possible loss of data
C:\Users\qxw180007\Documents\Assignment3\Assignment3\Renderer.cpp(390,56): warning C4267: 'argument': conversion from 'size_t' to 'GLsizei', possible loss of data
LINK : warning LNK4098: defaultlib 'LIBCMT' conflicts with use of other libs; use /NODEFAULTLIB:library
  Generating code
  0 of 1658 functions ( 0.0%) were compiled, the rest were copied from previous compilation.
    0 functions were new in current compilation
    0 functions had inline decision re-evaluated but remain unchanged
  Finished generating code
glew32s.lib(glew.obj) : warning LNK4099: PDB 'vc120.pdb' was not found with 'glew32s.lib(glew.obj)' or at 'C:\Users\qxw180007\Documents\Assignment3\x64\Release\vc120.pdb'; linking object as if no debug info
  Assignment3.vcxproj -> C:\Users\qxw180007\Documents\Assignment3\x64\Release\Assignment3.exe
